--------------------------------------------------------------------------------
CPU name:	Intel(R) Xeon(R) CPU E3-1284L v3 @ 1.80GHz
CPU type:	Intel Core Haswell processor
CPU clock:	1.80 GHz
--------------------------------------------------------------------------------
Base clock:	1800.00 MHz
Minimal clock:	800.00 MHz
Turbo Boost Steps:
C0 3200.00 MHz
C1 3100.00 MHz
C2 2600.00 MHz
C3 2600.00 MHz
--------------------------------------------------------------------------------
Info for RAPL domain PKG:
Thermal Spec Power: 47 Watt
Minimum Power: 0 Watt
Maximum Power: 47 Watt
Maximum Time Window: 0 micro sec

Info about Uncore:
Minimal Uncore frequency: 800 MHz
Maximal Uncore frequency: 3200 MHz

Performance energy bias: 6 (0=highest performance, 15 = lowest energy)

--------------------------------------------------------------------------------
